[debug] [2023-10-25T08:03:08.142Z] ----------------------------------------------------------------------
[debug] [2023-10-25T08:03:08.146Z] Command:       C:\Program Files\nodejs\node.exe C:\Program Files\nodejs\node_modules\firebase-tools\lib\bin\firebase.js deploy --only hosting
[debug] [2023-10-25T08:03:08.146Z] CLI Version:   12.7.0
[debug] [2023-10-25T08:03:08.147Z] Platform:      win32
[debug] [2023-10-25T08:03:08.147Z] Node Version:  v16.16.0
[debug] [2023-10-25T08:03:08.149Z] Time:          Wed Oct 25 2023 13:33:08 GMT+0530 (India Standard Time)
[debug] [2023-10-25T08:03:08.149Z] ----------------------------------------------------------------------
[debug] 
[debug] [2023-10-25T08:03:08.268Z] > command requires scopes: ["email","openid","https://www.googleapis.com/auth/cloudplatformprojects.readonly","https://www.googleapis.com/auth/firebase","https://www.googleapis.com/auth/cloud-platform"]
[debug] [2023-10-25T08:03:08.269Z] > authorizing via signed-in user (prathour884@gmail.com)
[debug] [2023-10-25T08:03:08.269Z] [iam] checking project angular-books-63b3e for permissions ["firebase.projects.get","firebasehosting.sites.update"]
[debug] [2023-10-25T08:03:08.272Z] >>> [apiv2][query] POST https://cloudresourcemanager.googleapis.com/v1/projects/angular-books-63b3e:testIamPermissions [none]
[debug] [2023-10-25T08:03:08.272Z] >>> [apiv2][(partial)header] POST https://cloudresourcemanager.googleapis.com/v1/projects/angular-books-63b3e:testIamPermissions x-goog-quota-user=projects/angular-books-63b3e
[debug] [2023-10-25T08:03:08.273Z] >>> [apiv2][body] POST https://cloudresourcemanager.googleapis.com/v1/projects/angular-books-63b3e:testIamPermissions {"permissions":["firebase.projects.get","firebasehosting.sites.update"]}
[debug] [2023-10-25T08:03:29.399Z] *** [apiv2] error from fetch(https://cloudresourcemanager.googleapis.com/v1/projects/angular-books-63b3e:testIamPermissions, {"headers":{},"method":"POST","body":"{\"permissions\":[\"firebase.projects.get\",\"firebasehosting.sites.update\"]}"}): FetchError: request to https://cloudresourcemanager.googleapis.com/v1/projects/angular-books-63b3e:testIamPermissions failed, reason: connect ETIMEDOUT 142.250.193.202:443
[debug] [2023-10-25T08:03:29.400Z] [iam] error while checking permissions, command may fail: FirebaseError: Failed to make request to https://cloudresourcemanager.googleapis.com/v1/projects/angular-books-63b3e:testIamPermissions
[debug] [2023-10-25T08:03:29.402Z] >>> [apiv2][query] GET https://firebase.googleapis.com/v1beta1/projects/angular-books-63b3e [none]
[debug] [2023-10-25T08:03:29.409Z] *** [apiv2] error from fetch(https://firebase.googleapis.com/v1beta1/projects/angular-books-63b3e, {"headers":{},"method":"GET","signal":{}}): FetchError: request to https://firebase.googleapis.com/v1beta1/projects/angular-books-63b3e failed, reason: getaddrinfo ENOTFOUND firebase.googleapis.com
[debug] [2023-10-25T08:03:29.410Z] Failed to make request to https://firebase.googleapis.com/v1beta1/projects/angular-books-63b3e (original: request to https://firebase.googleapis.com/v1beta1/projects/angular-books-63b3e failed, reason: getaddrinfo ENOTFOUND firebase.googleapis.com)
[debug] [2023-10-25T08:03:29.416Z] FirebaseError: Failed to make request to https://firebase.googleapis.com/v1beta1/projects/angular-books-63b3e
    at RetryOperation._fn (C:\Users\hp\AppData\Roaming\nvm\v16.16.0\node_modules\firebase-tools\lib\apiv2.js:239:31)
    at processTicksAndRejections (node:internal/process/task_queues:96:5)
[error] 
[error] Error: Failed to get Firebase project angular-books-63b3e. Please make sure the project exists and your account has permission to access it.
[debug] [2023-10-25T08:12:38.617Z] ----------------------------------------------------------------------
[debug] [2023-10-25T08:12:38.620Z] Command:       C:\Program Files\nodejs\node.exe C:\Program Files\nodejs\node_modules\firebase-tools\lib\bin\firebase.js deploy
[debug] [2023-10-25T08:12:38.620Z] CLI Version:   12.7.0
[debug] [2023-10-25T08:12:38.621Z] Platform:      win32
[debug] [2023-10-25T08:12:38.621Z] Node Version:  v16.16.0
[debug] [2023-10-25T08:12:38.629Z] Time:          Wed Oct 25 2023 13:42:38 GMT+0530 (India Standard Time)
[debug] [2023-10-25T08:12:38.630Z] ----------------------------------------------------------------------
[debug] 
[debug] [2023-10-25T08:12:38.748Z] > command requires scopes: ["email","openid","https://www.googleapis.com/auth/cloudplatformprojects.readonly","https://www.googleapis.com/auth/firebase","https://www.googleapis.com/auth/cloud-platform"]
[debug] [2023-10-25T08:12:38.749Z] > authorizing via signed-in user (prathour884@gmail.com)
[debug] [2023-10-25T08:12:38.749Z] [iam] checking project angular-books-63b3e for permissions ["firebase.projects.get","firebasehosting.sites.update"]
[debug] [2023-10-25T08:12:38.753Z] >>> [apiv2][query] POST https://cloudresourcemanager.googleapis.com/v1/projects/angular-books-63b3e:testIamPermissions [none]
[debug] [2023-10-25T08:12:38.754Z] >>> [apiv2][(partial)header] POST https://cloudresourcemanager.googleapis.com/v1/projects/angular-books-63b3e:testIamPermissions x-goog-quota-user=projects/angular-books-63b3e
[debug] [2023-10-25T08:12:38.754Z] >>> [apiv2][body] POST https://cloudresourcemanager.googleapis.com/v1/projects/angular-books-63b3e:testIamPermissions {"permissions":["firebase.projects.get","firebasehosting.sites.update"]}
[debug] [2023-10-25T08:12:59.985Z] *** [apiv2] error from fetch(https://cloudresourcemanager.googleapis.com/v1/projects/angular-books-63b3e:testIamPermissions, {"headers":{},"method":"POST","body":"{\"permissions\":[\"firebase.projects.get\",\"firebasehosting.sites.update\"]}"}): FetchError: request to https://cloudresourcemanager.googleapis.com/v1/projects/angular-books-63b3e:testIamPermissions failed, reason: connect ETIMEDOUT 142.250.206.138:443
[debug] [2023-10-25T08:12:59.986Z] [iam] error while checking permissions, command may fail: FirebaseError: Failed to make request to https://cloudresourcemanager.googleapis.com/v1/projects/angular-books-63b3e:testIamPermissions
[debug] [2023-10-25T08:12:59.988Z] >>> [apiv2][query] GET https://firebase.googleapis.com/v1beta1/projects/angular-books-63b3e [none]
[debug] [2023-10-25T08:13:21.130Z] *** [apiv2] error from fetch(https://firebase.googleapis.com/v1beta1/projects/angular-books-63b3e, {"headers":{},"method":"GET","signal":{}}): FetchError: request to https://firebase.googleapis.com/v1beta1/projects/angular-books-63b3e failed, reason: connect ETIMEDOUT 142.250.194.10:443
[debug] [2023-10-25T08:13:21.132Z] Failed to make request to https://firebase.googleapis.com/v1beta1/projects/angular-books-63b3e (original: request to https://firebase.googleapis.com/v1beta1/projects/angular-books-63b3e failed, reason: connect ETIMEDOUT 142.250.194.10:443)
[debug] [2023-10-25T08:13:26.151Z] Error: Timed out.
    at Timeout._onTimeout (C:\Users\hp\AppData\Roaming\nvm\v16.16.0\node_modules\firebase-tools\lib\utils.js:254:49)
    at listOnTimeout (node:internal/timers:559:17)
    at processTimers (node:internal/timers:502:7)
[error] 
[error] Error: An unexpected error has occurred.
[debug] [2023-10-25T08:13:44.221Z] ----------------------------------------------------------------------
[debug] [2023-10-25T08:13:44.223Z] Command:       C:\Program Files\nodejs\node.exe C:\Program Files\nodejs\node_modules\firebase-tools\lib\bin\firebase.js init
[debug] [2023-10-25T08:13:44.224Z] CLI Version:   12.7.0
[debug] [2023-10-25T08:13:44.224Z] Platform:      win32
[debug] [2023-10-25T08:13:44.224Z] Node Version:  v16.16.0
[debug] [2023-10-25T08:13:44.225Z] Time:          Wed Oct 25 2023 13:43:44 GMT+0530 (India Standard Time)
[debug] [2023-10-25T08:13:44.226Z] ----------------------------------------------------------------------
[debug] 
[debug] [2023-10-25T08:13:44.339Z] > command requires scopes: ["email","openid","https://www.googleapis.com/auth/cloudplatformprojects.readonly","https://www.googleapis.com/auth/firebase","https://www.googleapis.com/auth/cloud-platform"]
[debug] [2023-10-25T08:13:44.340Z] > authorizing via signed-in user (prathour884@gmail.com)
[info] 
     ######## #### ########  ######## ########     ###     ######  ########
     ##        ##  ##     ## ##       ##     ##  ##   ##  ##       ##
     ######    ##  ########  ######   ########  #########  ######  ######
     ##        ##  ##    ##  ##       ##     ## ##     ##       ## ##
     ##       #### ##     ## ######## ########  ##     ##  ######  ########

You're about to initialize a Firebase project in this directory:

  C:\Users\hp\Desktop\Angular revision\angular-revision

Before we get started, keep in mind:

  * You are initializing within an existing Firebase project directory

[info] 
=== Project Setup
[info] 
[info] First, let's associate this project directory with a Firebase project.
[info] You can create multiple project aliases by running firebase use --add, 
[info] but for now we'll just set up a default project.
[info] 
[debug] [2023-10-25T08:14:36.543Z] Using project from CLI flag: angular-books-63b3e
[debug] [2023-10-25T08:14:36.546Z] >>> [apiv2][query] GET https://firebase.googleapis.com/v1beta1/projects/angular-books-63b3e [none]
[debug] [2023-10-25T08:14:57.635Z] *** [apiv2] error from fetch(https://firebase.googleapis.com/v1beta1/projects/angular-books-63b3e, {"headers":{},"method":"GET","signal":{}}): FetchError: request to https://firebase.googleapis.com/v1beta1/projects/angular-books-63b3e failed, reason: connect ETIMEDOUT 142.250.194.10:443
[debug] [2023-10-25T08:14:57.636Z] Failed to make request to https://firebase.googleapis.com/v1beta1/projects/angular-books-63b3e (original: request to https://firebase.googleapis.com/v1beta1/projects/angular-books-63b3e failed, reason: connect ETIMEDOUT 142.250.194.10:443)
[debug] [2023-10-25T08:15:02.652Z] Error: Timed out.
    at Timeout._onTimeout (C:\Users\hp\AppData\Roaming\nvm\v16.16.0\node_modules\firebase-tools\lib\utils.js:254:49)
    at listOnTimeout (node:internal/timers:559:17)
    at processTimers (node:internal/timers:502:7)
[error] 
[error] Error: An unexpected error has occurred.
[debug] [2023-10-25T08:15:36.174Z] ----------------------------------------------------------------------
[debug] [2023-10-25T08:15:36.179Z] Command:       C:\Program Files\nodejs\node.exe C:\Program Files\nodejs\node_modules\firebase-tools\lib\bin\firebase.js init
[debug] [2023-10-25T08:15:36.181Z] CLI Version:   12.7.0
[debug] [2023-10-25T08:15:36.181Z] Platform:      win32
[debug] [2023-10-25T08:15:36.182Z] Node Version:  v16.16.0
[debug] [2023-10-25T08:15:36.183Z] Time:          Wed Oct 25 2023 13:45:36 GMT+0530 (India Standard Time)
[debug] [2023-10-25T08:15:36.184Z] ----------------------------------------------------------------------
[debug] 
[debug] [2023-10-25T08:15:36.326Z] > command requires scopes: ["email","openid","https://www.googleapis.com/auth/cloudplatformprojects.readonly","https://www.googleapis.com/auth/firebase","https://www.googleapis.com/auth/cloud-platform"]
[debug] [2023-10-25T08:15:36.327Z] > authorizing via signed-in user (prathour884@gmail.com)
[info] 
     ######## #### ########  ######## ########     ###     ######  ########
     ##        ##  ##     ## ##       ##     ##  ##   ##  ##       ##
     ######    ##  ########  ######   ########  #########  ######  ######
     ##        ##  ##    ##  ##       ##     ## ##     ##       ## ##
     ##       #### ##     ## ######## ########  ##     ##  ######  ########

You're about to initialize a Firebase project in this directory:

  C:\Users\hp\Desktop\Angular revision\angular-revision

Before we get started, keep in mind:

  * You are initializing within an existing Firebase project directory

[info] 
=== Project Setup
[info] 
[info] First, let's associate this project directory with a Firebase project.
[info] You can create multiple project aliases by running firebase use --add, 
[info] but for now we'll just set up a default project.
[info] 
[debug] [2023-10-25T08:16:02.651Z] Using project from CLI flag: angular-books-63b3e
[debug] [2023-10-25T08:16:02.654Z] >>> [apiv2][query] GET https://firebase.googleapis.com/v1beta1/projects/angular-books-63b3e [none]
[debug] [2023-10-25T08:16:23.797Z] *** [apiv2] error from fetch(https://firebase.googleapis.com/v1beta1/projects/angular-books-63b3e, {"headers":{},"method":"GET","signal":{}}): FetchError: request to https://firebase.googleapis.com/v1beta1/projects/angular-books-63b3e failed, reason: connect ETIMEDOUT 142.250.206.106:443
[debug] [2023-10-25T08:16:23.797Z] Failed to make request to https://firebase.googleapis.com/v1beta1/projects/angular-books-63b3e (original: request to https://firebase.googleapis.com/v1beta1/projects/angular-books-63b3e failed, reason: connect ETIMEDOUT 142.250.206.106:443)
[debug] [2023-10-25T08:16:28.816Z] Error: Timed out.
    at Timeout._onTimeout (C:\Users\hp\AppData\Roaming\nvm\v16.16.0\node_modules\firebase-tools\lib\utils.js:254:49)
    at listOnTimeout (node:internal/timers:559:17)
    at processTimers (node:internal/timers:502:7)
[error] 
[error] Error: An unexpected error has occurred.
[debug] [2023-10-25T08:18:21.414Z] ----------------------------------------------------------------------
[debug] [2023-10-25T08:18:21.417Z] Command:       C:\Program Files\nodejs\node.exe C:\Program Files\nodejs\node_modules\firebase-tools\lib\bin\firebase.js init
[debug] [2023-10-25T08:18:21.418Z] CLI Version:   12.7.0
[debug] [2023-10-25T08:18:21.418Z] Platform:      win32
[debug] [2023-10-25T08:18:21.419Z] Node Version:  v16.16.0
[debug] [2023-10-25T08:18:21.420Z] Time:          Wed Oct 25 2023 13:48:21 GMT+0530 (India Standard Time)
[debug] [2023-10-25T08:18:21.420Z] ----------------------------------------------------------------------
[debug] 
[debug] [2023-10-25T08:18:21.531Z] > command requires scopes: ["email","openid","https://www.googleapis.com/auth/cloudplatformprojects.readonly","https://www.googleapis.com/auth/firebase","https://www.googleapis.com/auth/cloud-platform"]
[debug] [2023-10-25T08:18:21.531Z] > authorizing via signed-in user (prathour884@gmail.com)
[info] 
     ######## #### ########  ######## ########     ###     ######  ########
     ##        ##  ##     ## ##       ##     ##  ##   ##  ##       ##
     ######    ##  ########  ######   ########  #########  ######  ######
     ##        ##  ##    ##  ##       ##     ## ##     ##       ## ##
     ##       #### ##     ## ######## ########  ##     ##  ######  ########

You're about to initialize a Firebase project in this directory:

  C:\Users\hp\Desktop\Angular revision\angular-revision

Before we get started, keep in mind:

  * You are initializing within an existing Firebase project directory

[info] 
=== Project Setup
[info] 
[info] First, let's associate this project directory with a Firebase project.
[info] You can create multiple project aliases by running firebase use --add, 
[info] but for now we'll just set up a default project.
[info] 
[debug] [2023-10-25T08:18:47.227Z] Using project from CLI flag: angular-books-63b3e
[debug] [2023-10-25T08:18:47.232Z] >>> [apiv2][query] GET https://firebase.googleapis.com/v1beta1/projects/angular-books-63b3e [none]
[debug] [2023-10-25T08:19:08.333Z] *** [apiv2] error from fetch(https://firebase.googleapis.com/v1beta1/projects/angular-books-63b3e, {"headers":{},"method":"GET","signal":{}}): FetchError: request to https://firebase.googleapis.com/v1beta1/projects/angular-books-63b3e failed, reason: connect ETIMEDOUT 142.250.206.106:443
[debug] [2023-10-25T08:19:08.334Z] Failed to make request to https://firebase.googleapis.com/v1beta1/projects/angular-books-63b3e (original: request to https://firebase.googleapis.com/v1beta1/projects/angular-books-63b3e failed, reason: connect ETIMEDOUT 142.250.206.106:443)
[debug] [2023-10-25T08:19:13.348Z] Error: Timed out.
    at Timeout._onTimeout (C:\Users\hp\AppData\Roaming\nvm\v16.16.0\node_modules\firebase-tools\lib\utils.js:254:49)
    at listOnTimeout (node:internal/timers:559:17)
    at processTimers (node:internal/timers:502:7)
[error] 
[error] Error: An unexpected error has occurred.
[debug] [2023-10-25T08:19:32.780Z] ----------------------------------------------------------------------
[debug] [2023-10-25T08:19:32.783Z] Command:       C:\Program Files\nodejs\node.exe C:\Program Files\nodejs\node_modules\firebase-tools\lib\bin\firebase.js init
[debug] [2023-10-25T08:19:32.783Z] CLI Version:   12.7.0
[debug] [2023-10-25T08:19:32.784Z] Platform:      win32
[debug] [2023-10-25T08:19:32.784Z] Node Version:  v16.16.0
[debug] [2023-10-25T08:19:32.785Z] Time:          Wed Oct 25 2023 13:49:32 GMT+0530 (India Standard Time)
[debug] [2023-10-25T08:19:32.785Z] ----------------------------------------------------------------------
[debug] 
[debug] [2023-10-25T08:19:32.902Z] > command requires scopes: ["email","openid","https://www.googleapis.com/auth/cloudplatformprojects.readonly","https://www.googleapis.com/auth/firebase","https://www.googleapis.com/auth/cloud-platform"]
[debug] [2023-10-25T08:19:32.903Z] > authorizing via signed-in user (prathour884@gmail.com)
[info] 
     ######## #### ########  ######## ########     ###     ######  ########
     ##        ##  ##     ## ##       ##     ##  ##   ##  ##       ##
     ######    ##  ########  ######   ########  #########  ######  ######
     ##        ##  ##    ##  ##       ##     ## ##     ##       ## ##
     ##       #### ##     ## ######## ########  ##     ##  ######  ########

You're about to initialize a Firebase project in this directory:

  C:\Users\hp\Desktop\Angular revision\angular-revision

Before we get started, keep in mind:

  * You are initializing within an existing Firebase project directory

[info] 
=== Project Setup
[info] 
[info] First, let's associate this project directory with a Firebase project.
[info] You can create multiple project aliases by running firebase use --add, 
[info] but for now we'll just set up a default project.
[info] 
[debug] [2023-10-25T08:19:40.982Z] Using project from CLI flag: angular-books-63b3e
[debug] [2023-10-25T08:19:40.988Z] >>> [apiv2][query] GET https://firebase.googleapis.com/v1beta1/projects/angular-books-63b3e [none]
[debug] [2023-10-25T08:20:02.057Z] *** [apiv2] error from fetch(https://firebase.googleapis.com/v1beta1/projects/angular-books-63b3e, {"headers":{},"method":"GET","signal":{}}): FetchError: request to https://firebase.googleapis.com/v1beta1/projects/angular-books-63b3e failed, reason: connect ETIMEDOUT 142.250.206.106:443
[debug] [2023-10-25T08:20:02.058Z] Failed to make request to https://firebase.googleapis.com/v1beta1/projects/angular-books-63b3e (original: request to https://firebase.googleapis.com/v1beta1/projects/angular-books-63b3e failed, reason: connect ETIMEDOUT 142.250.206.106:443)
[debug] [2023-10-25T08:20:07.070Z] Error: Timed out.
    at Timeout._onTimeout (C:\Users\hp\AppData\Roaming\nvm\v16.16.0\node_modules\firebase-tools\lib\utils.js:254:49)
    at listOnTimeout (node:internal/timers:559:17)
    at processTimers (node:internal/timers:502:7)
[error] 
[error] Error: An unexpected error has occurred.
